<?xml version="1.0" encoding="UTF-8"?>
<testsuite xmlns:xsi="http://www.w3.org/2001/XMLSchema-instance" xsi:noNamespaceSchemaLocation="https://maven.apache.org/surefire/maven-surefire-plugin/xsd/surefire-test-report.xsd" name="cn.qst.ssmdeo.test.GeneratorTest" time="0.052" tests="1" errors="0" skipped="0" failures="0">
  <properties>
    <property name="sun.desktop" value="windows"/>
    <property name="awt.toolkit" value="sun.awt.windows.WToolkit"/>
    <property name="file.encoding.pkg" value="sun.io"/>
    <property name="java.specification.version" value="1.8"/>
    <property name="sun.cpu.isalist" value="amd64"/>
    <property name="sun.jnu.encoding" value="GBK"/>
    <property name="java.class.path" value="G:\IDEAplace\ssmdemo2\target\test-classes;G:\IDEAplace\ssmdemo2\target\classes;G:\Maven\repository\junit\junit\4.12\junit-4.12.jar;G:\Maven\repository\org\hamcrest\hamcrest-core\1.3\hamcrest-core-1.3.jar;G:\Maven\repository\org\springframework\spring-webmvc\5.1.9.RELEASE\spring-webmvc-5.1.9.RELEASE.jar;G:\Maven\repository\org\springframework\spring-aop\5.1.9.RELEASE\spring-aop-5.1.9.RELEASE.jar;G:\Maven\repository\org\springframework\spring-beans\5.1.9.RELEASE\spring-beans-5.1.9.RELEASE.jar;G:\Maven\repository\org\springframework\spring-context\5.1.9.RELEASE\spring-context-5.1.9.RELEASE.jar;G:\Maven\repository\org\springframework\spring-core\5.1.9.RELEASE\spring-core-5.1.9.RELEASE.jar;G:\Maven\repository\org\springframework\spring-jcl\5.1.9.RELEASE\spring-jcl-5.1.9.RELEASE.jar;G:\Maven\repository\org\springframework\spring-expression\5.1.9.RELEASE\spring-expression-5.1.9.RELEASE.jar;G:\Maven\repository\org\springframework\spring-web\5.1.9.RELEASE\spring-web-5.1.9.RELEASE.jar;G:\Maven\repository\org\springframework\spring-jdbc\5.1.9.RELEASE\spring-jdbc-5.1.9.RELEASE.jar;G:\Maven\repository\org\springframework\spring-tx\5.1.9.RELEASE\spring-tx-5.1.9.RELEASE.jar;G:\Maven\repository\com\alibaba\druid\1.1.20\druid-1.1.20.jar;G:\Maven\repository\org\mybatis\mybatis\3.5.2\mybatis-3.5.2.jar;G:\Maven\repository\org\mybatis\mybatis-spring\2.0.2\mybatis-spring-2.0.2.jar;G:\Maven\repository\mysql\mysql-connector-java\5.1.47\mysql-connector-java-5.1.47.jar;G:\Maven\repository\org\aspectj\aspectjweaver\1.9.4\aspectjweaver-1.9.4.jar;G:\Maven\repository\org\mybatis\generator\mybatis-generator-core\1.3.7\mybatis-generator-core-1.3.7.jar;"/>
    <property name="java.vm.vendor" value="Oracle Corporation"/>
    <property name="sun.arch.data.model" value="64"/>
    <property name="user.variant" value=""/>
    <property name="java.vendor.url" value="http://java.oracle.com/"/>
    <property name="user.timezone" value="Asia/Shanghai"/>
    <property name="java.vm.specification.version" value="1.8"/>
    <property name="os.name" value="Windows 10"/>
    <property name="user.country" value="CN"/>
    <property name="sun.java.launcher" value="SUN_STANDARD"/>
    <property name="sun.boot.library.path" value="F:\JAVA\java jdk\jre\bin"/>
    <property name="sun.java.command" value="C:\Users\ADMINI~1\AppData\Local\Temp\surefire6585333067561693347\surefirebooter8574596688024650200.jar C:\Users\Administrator\AppData\Local\Temp\surefire6585333067561693347 2019-09-16T16-33-04_307-jvmRun1 surefire1092101678303889635tmp surefire_08547217246284193777tmp"/>
    <property name="surefire.test.class.path" value="G:\IDEAplace\ssmdemo2\target\test-classes;G:\IDEAplace\ssmdemo2\target\classes;G:\Maven\repository\junit\junit\4.12\junit-4.12.jar;G:\Maven\repository\org\hamcrest\hamcrest-core\1.3\hamcrest-core-1.3.jar;G:\Maven\repository\org\springframework\spring-webmvc\5.1.9.RELEASE\spring-webmvc-5.1.9.RELEASE.jar;G:\Maven\repository\org\springframework\spring-aop\5.1.9.RELEASE\spring-aop-5.1.9.RELEASE.jar;G:\Maven\repository\org\springframework\spring-beans\5.1.9.RELEASE\spring-beans-5.1.9.RELEASE.jar;G:\Maven\repository\org\springframework\spring-context\5.1.9.RELEASE\spring-context-5.1.9.RELEASE.jar;G:\Maven\repository\org\springframework\spring-core\5.1.9.RELEASE\spring-core-5.1.9.RELEASE.jar;G:\Maven\repository\org\springframework\spring-jcl\5.1.9.RELEASE\spring-jcl-5.1.9.RELEASE.jar;G:\Maven\repository\org\springframework\spring-expression\5.1.9.RELEASE\spring-expression-5.1.9.RELEASE.jar;G:\Maven\repository\org\springframework\spring-web\5.1.9.RELEASE\spring-web-5.1.9.RELEASE.jar;G:\Maven\repository\org\springframework\spring-jdbc\5.1.9.RELEASE\spring-jdbc-5.1.9.RELEASE.jar;G:\Maven\repository\org\springframework\spring-tx\5.1.9.RELEASE\spring-tx-5.1.9.RELEASE.jar;G:\Maven\repository\com\alibaba\druid\1.1.20\druid-1.1.20.jar;G:\Maven\repository\org\mybatis\mybatis\3.5.2\mybatis-3.5.2.jar;G:\Maven\repository\org\mybatis\mybatis-spring\2.0.2\mybatis-spring-2.0.2.jar;G:\Maven\repository\mysql\mysql-connector-java\5.1.47\mysql-connector-java-5.1.47.jar;G:\Maven\repository\org\aspectj\aspectjweaver\1.9.4\aspectjweaver-1.9.4.jar;G:\Maven\repository\org\mybatis\generator\mybatis-generator-core\1.3.7\mybatis-generator-core-1.3.7.jar;"/>
    <property name="sun.cpu.endian" value="little"/>
    <property name="user.home" value="C:\Users\Administrator"/>
    <property name="user.language" value="zh"/>
    <property name="java.specification.vendor" value="Oracle Corporation"/>
    <property name="java.home" value="F:\JAVA\java jdk\jre"/>
    <property name="basedir" value="G:\IDEAplace\ssmdemo2"/>
    <property name="file.separator" value="\"/>
    <property name="line.separator" value="&#10;"/>
    <property name="java.vm.specification.vendor" value="Oracle Corporation"/>
    <property name="java.specification.name" value="Java Platform API Specification"/>
    <property name="java.awt.graphicsenv" value="sun.awt.Win32GraphicsEnvironment"/>
    <property name="surefire.real.class.path" value="C:\Users\ADMINI~1\AppData\Local\Temp\surefire6585333067561693347\surefirebooter8574596688024650200.jar"/>
    <property name="sun.boot.class.path" value="F:\JAVA\java jdk\jre\lib\resources.jar;F:\JAVA\java jdk\jre\lib\rt.jar;F:\JAVA\java jdk\jre\lib\sunrsasign.jar;F:\JAVA\java jdk\jre\lib\jsse.jar;F:\JAVA\java jdk\jre\lib\jce.jar;F:\JAVA\java jdk\jre\lib\charsets.jar;F:\JAVA\java jdk\jre\lib\jfr.jar;F:\JAVA\java jdk\jre\classes"/>
    <property name="user.script" value=""/>
    <property name="sun.management.compiler" value="HotSpot 64-Bit Tiered Compilers"/>
    <property name="java.runtime.version" value="1.8.0_121-b13"/>
    <property name="user.name" value="Administrator"/>
    <property name="path.separator" value=";"/>
    <property name="os.version" value="10.0"/>
    <property name="java.endorsed.dirs" value="F:\JAVA\java jdk\jre\lib\endorsed"/>
    <property name="java.runtime.name" value="Java(TM) SE Runtime Environment"/>
    <property name="file.encoding" value="GBK"/>
    <property name="java.vm.name" value="Java HotSpot(TM) 64-Bit Server VM"/>
    <property name="localRepository" value="G:\Maven\repository"/>
    <property name="java.vendor.url.bug" value="http://bugreport.sun.com/bugreport/"/>
    <property name="java.io.tmpdir" value="C:\Users\ADMINI~1\AppData\Local\Temp\"/>
    <property name="idea.version" value="2018.3.5"/>
    <property name="java.version" value="1.8.0_121"/>
    <property name="user.dir" value="G:\IDEAplace\ssmdemo2"/>
    <property name="os.arch" value="amd64"/>
    <property name="java.vm.specification.name" value="Java Virtual Machine Specification"/>
    <property name="java.awt.printerjob" value="sun.awt.windows.WPrinterJob"/>
    <property name="sun.os.patch.level" value=""/>
    <property name="java.library.path" value="F:\JAVA\java jdk\jre\bin;C:\WINDOWS\Sun\Java\bin;C:\WINDOWS\system32;C:\WINDOWS;E:\Oracle\product\11.2.0\dbhome_1\bin;C:\ProgramData\Oracle\Java\javapath;F:\JAVA\java jdk\bin;F:\JAVA\java jdk\jre\bin;C: \ProgramData\Oracle\Java\javapath;C:\WINDOWS\system32;C:\WINDOWS;C:\WINDOWS\System32\Wbem;C:\WINDOWS\System32\WindowsPowerShell\v1.0\ï¼›F:\JAVA\java jdk\bin;SYSTEMROOT%\System32\WindowsPowerShell\v1.0\;C:\WINDOWS\System32\OpenSSH\;E:\study app\bin;G:\Maven\apache-maven-3.6.0\bin;F:\JAVA\apache-tomcat-8.5.38\bin;G:\git\Git\cmd;E:\StudyApp\node\;E:\StudyApp\ctags.exe-1.5\;E:\StudyApp\Mysql\bin;C:\Program Files\MySQL\MySQL Server 5.5\bin;C:\Program Files\MySQL\MySQL Server 5.5\bin;;C:\WINDOWS\System32\WindowsPowerShell\v1.0\;C:\Users\Administrator\AppData\Local\Microsoft\WindowsApps;C:\Users\Administrator\AppData\Roaming\npm;C:\Users\Administrator\AppData\Local\GitHubDesktop\bin;."/>
    <property name="java.vm.info" value="mixed mode"/>
    <property name="java.vendor" value="Oracle Corporation"/>
    <property name="java.vm.version" value="25.121-b13"/>
    <property name="java.ext.dirs" value="F:\JAVA\java jdk\jre\lib\ext;C:\WINDOWS\Sun\Java\lib\ext"/>
    <property name="sun.io.unicode.encoding" value="UnicodeLittle"/>
    <property name="java.class.version" value="52.0"/>
  </properties>
  <testcase name="test" classname="cn.qst.ssmdeo.test.GeneratorTest" time="0.013"/>
</testsuite>